<?xml version="1.0" encoding="UTF-8"?>
<!-- Generated by org.testng.reporters.JUnitReportReporter -->
<testsuite hostname="LTIN485623" failures="0" tests="4" name="testCases.TC_001_BikeDetails" time="5.696" errors="0" timestamp="2024-04-05T16:47:23 IST" skipped="0">
  <testcase classname="testCases.TC_001_BikeDetails" name="clickOnNewBikes" time="1.025"/>
  <system-out/>
  <testcase classname="testCases.TC_001_BikeDetails" name="clickOnUpcomingBikes" time="2.422"/>
  <system-out/>
  <testcase classname="testCases.TC_001_BikeDetails" name="selectHondaBikes" time="0.985"/>
  <system-out/>
  <testcase classname="testCases.TC_001_BikeDetails" name="hondaUpcomingBikes" time="1.264"/>
  <system-out/>
</testsuite> <!-- testCases.TC_001_BikeDetails -->
