<?xml version="1.0" encoding="UTF-8"?>
<!-- Generated by org.testng.reporters.JUnitReportReporter -->
<testsuite hostname="LTIN485623" failures="0" tests="3" name="testCases.TC_002_CarDetails" time="5.853" errors="0" timestamp="2024-04-05T16:47:23 IST" skipped="0">
  <testcase classname="testCases.TC_002_CarDetails" name="moveToUsedCars" time="1.728"/>
  <system-out/>
  <testcase classname="testCases.TC_002_CarDetails" name="selectCity" time="3.987"/>
  <system-out/>
  <testcase classname="testCases.TC_002_CarDetails" name="popularCars" time="0.138"/>
  <system-out/>
</testsuite> <!-- testCases.TC_002_CarDetails -->
