<?xml version="1.0" encoding="UTF-8"?>
<!-- Generated by org.testng.reporters.JUnitReportReporter -->
<testsuite hostname="LTIN485623" failures="0" tests="5" name="testCases.TC_003_Login" time="86.061" errors="0" timestamp="2024-04-05T16:47:23 IST" skipped="0">
  <testcase classname="testCases.TC_003_Login" name="navigateToHomePage" time="1.554"/>
  <system-out/>
  <testcase classname="testCases.TC_003_Login" name="clickOnLogin" time="0.531"/>
  <system-out/>
  <testcase classname="testCases.TC_003_Login" name="driverSwitchToGoogle" time="1.284"/>
  <system-out/>
  <testcase classname="testCases.TC_003_Login" name="enteringInvalidEmail" time="40.836"/>
  <system-out/>
  <testcase classname="testCases.TC_003_Login" name="enteringInvalidEmail" time="41.856"/>
  <system-out/>
</testsuite> <!-- testCases.TC_003_Login -->
